<?xml version="1.0" encoding="UTF-8"?>
<testsuite name="chap2.StockTest" tests="1" skipped="0" failures="0" errors="0" timestamp="2022-05-01T05:19:02" hostname="AD01918244.local" time="0.031">
  <properties/>
  <testcase name="orderTest()" classname="chap2.StockTest" time="0.031"/>
  <system-out><![CDATA[이전 데이터가 없습니다.
매수 주문이 완료되었습니다. 1000000 KRW
▲ 200000  20.00%
매수 주문이 완료되었습니다. 1200000 KRW
▲ 100000  8.33%
매수 주문이 완료되었습니다. 1300000 KRW
▲ 200000  15.38%
매수 주문이 완료되었습니다. 1500000 KRW
▼ 300000  -20.00%
매도 주문이 완료되었습니다. 1200000 KRW
▲ 1200000  100.00%
매도 주문이 완료되었습니다. 2400000 KRW
]]></system-out>
  <system-err><![CDATA[]]></system-err>
</testsuite>
